[LOG] System::create                           : Header version = 2.01.01. Current version = 2.01.01.
[LOG] Manager::init                            : maxchannels = 256 studioflags = 00000006 flags 00000000 extradriverdata 0000000000000000.
[LOG] SystemI::init                            : Initialize version=20101 (109257), maxchannels=256, flags=0x00020000
[LOG] SystemI::setOutputInternal               : Setting output to 'FMOD WASAPI Output'
[LOG] OutputWASAPI::init                       : Mix Format (WAVEFORMATEX): wFormatTag=0xFFFE, nChannels=2, nSamplesPerSec=48000, nAvgBytesPerSec=384000, nBlockAlign=8, wBitsPerSample=32, cbSize=22.
[LOG] OutputWASAPI::init                       : Mix Format (WAVEFORMATEXTENSIBLE): wValidBitsPerSample=32, dwChannelMask=0x00000003, SubFormat=00000003-0000-0010-8000-00AA00389B71.
[LOG] OutputWASAPI::init                       : Output buffer size: 4096 samples, latency: 0.00ms, period: 10.00ms, DSP buffer: 1024 * 4
[LOG] Thread::initThread                       : Init FMOD stream thread. Affinity: 0x8000000000000003, Priority: 0xFFFF7FFB, Stack Size: 98304, Semaphore: No, Sleep Time: 10, Looping: Yes.
[LOG] Thread::initThread                       : Init FMOD mixer thread. Affinity: 0x8000000000000001, Priority: 0xFFFF7FFA, Stack Size: 81920, Semaphore: No, Sleep Time: 0, Looping: Yes.
[LOG] AsyncManager::init                       : manager 000001ADF0622178 isAsync 0 updatePeriod 0.02
[LOG] AsyncManager::init                       : done
[LOG] PlaybackSystem::init                     : 
[LOG] Thread::initThread                       : Init FMOD Studio sample load thread. Affinity: 0x8000000000000003, Priority: 0xFFFF7FFD, Stack Size: 98304, Semaphore: No, Sleep Time: 1, Looping: No.
[LOG] PlaybackSystem::init                     : done
[LOG] Thread::initThread                       : Init FMOD Studio bank load thread. Affinity: 0x8000000000000003, Priority: 0xFFFF7FFD, Stack Size: 98304, Semaphore: No, Sleep Time: 1, Looping: No.
[LOG] Manager::init                            : done.
[LOG] Manager::readBank                        : fileversion = 132, compatVersion = 132 (oldest = 44, newest = 132)
[LOG] PlaybackSystem::acquireMasterBus         : Setting master channel group format to 6
[LOG] SystemI::createSoundInternal             : Create name='', mode=0x02000202
[LOG] SystemI::createSoundInternal             : exinfo->cbsize             = 224
[LOG] SystemI::createSoundInternal             : exinfo->length             = 31679072
[LOG] SystemI::createSoundInternal             : exinfo->fileoffset         = 62528
[LOG] SystemI::createSoundInternal             : exinfo->numsubsounds       = 1
[LOG] SystemI::createSoundInternal             : exinfo->inclusionlist      = 0000001A32BFF4B8
[LOG] SystemI::createSoundInternal             : exinfo->inclusionlistnum   = 1
[LOG] SystemI::createSoundInternal             : exinfo->suggestedsoundtype = 5
[LOG] SystemI::createSoundInternal             : exinfo->useropen           = 00007FFF8B5479E0
[LOG] SystemI::createSoundInternal             : exinfo->userclose          = 00007FFF8B5479B0
[LOG] SystemI::createSoundInternal             : exinfo->userread           = 00007FFF8B547AB0
[LOG] SystemI::createSoundInternal             : exinfo->userseek           = 00007FFF8B547B70
[LOG] SystemI::createSoundInternal             : exinfo->fileuserdata       = 000001AE8A0CC478
[LOG] SystemI::createSoundInternal             : exinfo->initialseekpostype = 1
[LOG] SystemI::DSPCodecPoolRegister            : register codec pool for pool type 5
[LOG] SystemI::createSoundInternal             : Sample 0/1: name='ECG_Attack_Earth', format=5, channels=2, frequency=48000, lengthbytes=36416, lengthpcm=130615, pcmblocksize=0, loopstart=0, loopend=130383, mode=0x00000000, channelmask=0x00000000, channelorder=0, peakvolume=0.876221.
[LOG] SoundI::release                          :  (000001AE953B2C38)
[LOG] SoundI::release                          :     ECG_Attack_Earth (000001AE9A6FA238)
[LOG] Manager::readBank                        : fileversion = 132, compatVersion = 132 (oldest = 44, newest = 132)
[LOG] PlaybackSystem::acquireMasterBus         : Setting master channel group format to 6
[LOG] SystemI::createSoundInternal             : Create name='', mode=0x02000202
[LOG] SystemI::createSoundInternal             : exinfo->cbsize             = 224
[LOG] SystemI::createSoundInternal             : exinfo->length             = 31679072
[LOG] SystemI::createSoundInternal             : exinfo->fileoffset         = 62528
[LOG] SystemI::createSoundInternal             : exinfo->numsubsounds       = 1
[LOG] SystemI::createSoundInternal             : exinfo->inclusionlist      = 0000001A32BFF4B8
[LOG] SystemI::createSoundInternal             : exinfo->inclusionlistnum   = 1
[LOG] SystemI::createSoundInternal             : exinfo->suggestedsoundtype = 5
[LOG] SystemI::createSoundInternal             : exinfo->useropen           = 00007FFF8B5479E0
[LOG] SystemI::createSoundInternal             : exinfo->userclose          = 00007FFF8B5479B0
[LOG] SystemI::createSoundInternal             : exinfo->userread           = 00007FFF8B547AB0
[LOG] SystemI::createSoundInternal             : exinfo->userseek           = 00007FFF8B547B70
[LOG] SystemI::createSoundInternal             : exinfo->fileuserdata       = 000001AB056EB1D8
[LOG] SystemI::createSoundInternal             : exinfo->initialseekpostype = 1
[LOG] SystemI::DSPCodecPoolRegister            : register codec pool for pool type 5
[LOG] SystemI::createSoundInternal             : Sample 0/1: name='ECG_Attack_Fire', format=5, channels=2, frequency=48000, lengthbytes=23136, lengthpcm=92077, pcmblocksize=0, loopstart=0, loopend=91845, mode=0x00000000, channelmask=0x00000000, channelorder=0, peakvolume=0.999969.
[LOG] SoundI::release                          :  (000001ADA18E5518)
[LOG] SoundI::release                          :     ECG_Attack_Fire (000001AD44A15978)
[LOG] Manager::readBank                        : fileversion = 132, compatVersion = 132 (oldest = 44, newest = 132)
[LOG] PlaybackSystem::acquireMasterBus         : Setting master channel group format to 6
[LOG] SystemI::createSoundInternal             : Create name='', mode=0x02000202
[LOG] SystemI::createSoundInternal             : exinfo->cbsize             = 224
[LOG] SystemI::createSoundInternal             : exinfo->length             = 31679072
[LOG] SystemI::createSoundInternal             : exinfo->fileoffset         = 62528
[LOG] SystemI::createSoundInternal             : exinfo->numsubsounds       = 1
[LOG] SystemI::createSoundInternal             : exinfo->inclusionlist      = 0000001A32BFF4B8
[LOG] SystemI::createSoundInternal             : exinfo->inclusionlistnum   = 1
[LOG] SystemI::createSoundInternal             : exinfo->suggestedsoundtype = 5
[LOG] SystemI::createSoundInternal             : exinfo->useropen           = 00007FFF8B5479E0
[LOG] SystemI::createSoundInternal             : exinfo->userclose          = 00007FFF8B5479B0
[LOG] SystemI::createSoundInternal             : exinfo->userread           = 00007FFF8B547AB0
[LOG] SystemI::createSoundInternal             : exinfo->userseek           = 00007FFF8B547B70
[LOG] SystemI::createSoundInternal             : exinfo->fileuserdata       = 000001AB09E8CA38
[LOG] SystemI::createSoundInternal             : exinfo->initialseekpostype = 1
[LOG] SystemI::DSPCodecPoolRegister            : register codec pool for pool type 5
[LOG] SystemI::createSoundInternal             : Sample 0/1: name='ECG_Attack_Wind', format=5, channels=2, frequency=48000, lengthbytes=57600, lengthpcm=235615, pcmblocksize=0, loopstart=0, loopend=108922, mode=0x00000000, channelmask=0x00000000, channelorder=0, peakvolume=0.999969.
[LOG] SoundI::release                          :  (000001AB09E7F6B8)
[LOG] SoundI::release                          :     ECG_Attack_Wind (000001AE8A2220A8)
[LOG] Manager::readBank                        : fileversion = 132, compatVersion = 132 (oldest = 44, newest = 132)
[LOG] PlaybackSystem::acquireMasterBus         : Setting master channel group format to 6
[LOG] SystemI::createSoundInternal             : Create name='', mode=0x02000202
[LOG] SystemI::createSoundInternal             : exinfo->cbsize             = 224
[LOG] SystemI::createSoundInternal             : exinfo->length             = 31679072
[LOG] SystemI::createSoundInternal             : exinfo->fileoffset         = 62528
[LOG] SystemI::createSoundInternal             : exinfo->numsubsounds       = 1
[LOG] SystemI::createSoundInternal             : exinfo->inclusionlist      = 0000001A32BFF4B8
[LOG] SystemI::createSoundInternal             : exinfo->inclusionlistnum   = 1
[LOG] SystemI::createSoundInternal             : exinfo->suggestedsoundtype = 5
[LOG] SystemI::createSoundInternal             : exinfo->useropen           = 00007FFF8B5479E0
[LOG] SystemI::createSoundInternal             : exinfo->userclose          = 00007FFF8B5479B0
[LOG] SystemI::createSoundInternal             : exinfo->userread           = 00007FFF8B547AB0
[LOG] SystemI::createSoundInternal             : exinfo->userseek           = 00007FFF8B547B70
[LOG] SystemI::createSoundInternal             : exinfo->fileuserdata       = 000001AB09E8CA38
[LOG] SystemI::createSoundInternal             : exinfo->initialseekpostype = 1
[LOG] SystemI::DSPCodecPoolRegister            : register codec pool for pool type 5
[LOG] SystemI::createSoundInternal             : Sample 0/1: name='ECG_Attack_Water', format=5, channels=2, frequency=48000, lengthbytes=21888, lengthpcm=102462, pcmblocksize=0, loopstart=0, loopend=102230, mode=0x00000000, channelmask=0x00000000, channelorder=0, peakvolume=0.999969.
[LOG] SoundI::release                          :  (000001AB09E7FC78)
[LOG] SoundI::release                          :     ECG_Attack_Water (000001AE8A222248)
[LOG] AsyncThread::threadFunc                  : Starting Asynchronous operation on sound 000001AE97219E48
[LOG] AsyncThread::threadFunc                  : Finished Asynchronous operation on sound 000001AE97219E48
[LOG] SystemI::createSound                     : filename = Assets/arquivos/Sons/Master.bank : mode 02010082
[LOG] SystemI::createSound                     : FMOD_NONBLOCKING specified.  Putting into queue to be opened asynchronously!
[LOG] SystemI::createSound                     : setdata soundi = 000001AB05E6B5A8 : node = 000001ADF2C55FB0
[LOG] SystemI::createSound                     : add node to async list : head = 000001ADF260DCD8.  list count = 0
[LOG] AsyncThread::threadFunc                  : Starting Asynchronous operation on sound 000001AB05E6B5A8
[LOG] SystemI::createSoundInternal             :     Create name='Assets/arquivos/Sons/Master.bank', mode=0x02010082
[LOG] SystemI::createSoundInternal             :     exinfo->cbsize             = 224
[LOG] SystemI::createSoundInternal             :     exinfo->length             = 31679072
[LOG] SystemI::createSoundInternal             :     exinfo->fileoffset         = 62528
[LOG] SystemI::createSoundInternal             :     exinfo->numsubsounds       = 1
[LOG] SystemI::createSoundInternal             :     exinfo->inclusionlist      = 000001ADF2C560C0
[LOG] SystemI::createSoundInternal             :     exinfo->inclusionlistnum   = 1
[LOG] SystemI::createSoundInternal             :     exinfo->suggestedsoundtype = 5
[LOG] SystemI::createSoundInternal             :     exinfo->initialseekpostype = 1
[LOG] SystemI::createSoundInternal             :     Stream 0/1: name='holding', format=5, channels=2, frequency=48000, lengthbytes=136768, lengthpcm=503174, pcmblocksize=0, loopstart=0, loopend=0, mode=0x00000000, channelmask=0x00000000, channelorder=0, peakvolume=0.866058.
[LOG] AsyncThread::threadFunc                  : Finished Asynchronous operation on sound 000001AB05E6B5A8
[LOG] AsyncThread::threadFunc                  : Starting Asynchronous operation on sound 000001AE8283A268
[LOG] AsyncThread::threadFunc                  : Finished Asynchronous operation on sound 000001AE8283A268
[LOG] SoundI::release                          : holding (000001AB05E6B5A8)
[LOG] SoundI::release                          :     holding (000001AE9A6FC5F8)
[LOG] SoundI::release                          :     holding (000001AE8283A268)
[LOG] AsyncThread::threadFunc                  : Starting Asynchronous operation on sound 000001AE97219E48
[LOG] AsyncThread::threadFunc                  : Finished Asynchronous operation on sound 000001AE97219E48
[LOG] AsyncThread::threadFunc                  : Starting Asynchronous operation on sound 000001AE97219E48
[LOG] AsyncThread::threadFunc                  : Finished Asynchronous operation on sound 000001AE97219E48
[LOG] SoundI::release                          :  (000001ADA12A35D8)
[LOG] SoundI::release                          :     ECG_Troca_Turno_1 (000001AD44A130D8)
[LOG] SoundI::release                          :  (000001ADA12A1A88)
[LOG] SoundI::release                          :     ECG_Troca_Turno_2 (000001AD44A14AD8)
[LOG] SoundI::release                          :  (000001ADA12A4888)
[LOG] SoundI::release                          :     ECG_Criatura_Morrendo (000001AD44A152F8)
[LOG] SoundI::release                          :  (000001ADA12A11E8)
[LOG] SoundI::release                          :     ECG_Invocação_Criatura_Fogo (000001AD44A13C38)
[LOG] SoundI::release                          :  (000001ADA12A3188)
[LOG] SoundI::release                          :     ECG_Invocação_Criatura_Terra (000001AD44A12F38)
[LOG] SoundI::release                          :  (000001ADA12A1358)
[LOG] SoundI::release                          :     ECG_Invocação_Criatura_Ar (000001AD44A123D8)
[LOG] SoundI::release                          :  (000001ADA12A1078)
[LOG] SoundI::release                          :     ECG_Invocação_Criatura_Água (000001AD44A12238)
[LOG] SoundI::release                          :  (000001ADA1852668)
[LOG] SoundI::release                          :     ECG_Attack_Fire (000001AE9A6FA3D8)
[LOG] SoundI::release                          :  (000001AE952B6F58)
[LOG] SoundI::release                          :     ECG_Cristal_Terra (000001ADF02BD718)
[LOG] SoundI::release                          : música gameplay (000001ADA15ECC78)
[LOG] SoundI::release                          :     música gameplay (000001AE9A6FBA98)
[LOG] SoundI::release                          :     música gameplay (000001AE97219E48)
[LOG] SoundI::release                          :  (000001AE99CDE798)
[LOG] SoundI::release                          :     ECG_Cristal_Agua (000001ADF02BDA58)
[LOG] SoundI::release                          :  (000001AE952B6998)
[LOG] SoundI::release                          :     ECG_Cristal_Ar (000001ADF02BD8B8)
[LOG] SoundI::release                          :  (000001AE952B70C8)
[LOG] SoundI::release                          :     ECG_Cristal_Fogo (000001ADF02BD238)
[LOG] SoundI::release                          :  (000001ADA12A17A8)
[LOG] SoundI::release                          :     ECG_Dano_Direto_Masculino (000001AD44A135B8)
[LOG] SoundI::release                          :  (000001AB09D91C08)
[LOG] SoundI::release                          :     ECG_Carta_Baixando (000001AE9A6FDB18)
[LOG] SoundI::release                          :  (000001ADA12A1ED8)
[LOG] SoundI::release                          :     ECG_Carta_Flipando_1 (000001AD44A15158)
[LOG] SoundI::release                          :  (000001ADA12A2328)
[LOG] SoundI::release                          :     ECG_Carta_Flipando_2 (000001AD44A15CB8)
[LOG] SoundI::release                          :  (000001ADA12A38B8)
[LOG] SoundI::release                          :     ECG_Carta_Flipando_3 (000001AD44A13418)
[LOG] SoundI::release                          :  (000001ADA12A1D68)
[LOG] SoundI::release                          :     ECG_Carta_Flipando_4 (000001AD44A14E18)
[LOG] SoundI::release                          :  (000001ADA12A3748)
[LOG] SoundI::release                          :     ECG_Carta_Flipando_5 (000001AD44A14FB8)
[LOG] SoundI::release                          :  (000001ADA12A1BF8)
[LOG] SoundI::release                          :     ECG_Carta_Flipando_6 (000001AD44A13278)
[LOG] Thread::callback                         : FMOD Studio update thread finished.
[LOG] Thread::callback                         : FMOD Studio bank load thread finished.
[LOG] Profile::disconnectAll                   : Profiler disconnecting all clients
[LOG] Thread::callback                         : FMOD Studio sample load thread finished.
[LOG] LiveUpdate::release                      : 
[LOG] LiveUpdate::reset                        : Reset connection (reason Disconnected)
[LOG] Thread::callback                         : FMOD stream thread finished.
[LOG] Thread::callback                         : FMOD mixer thread finished.
[LOG] Profile::disconnectAll                   : Profiler disconnecting all clients
[LOG] SystemI::close                           : Closed.
[LOG] Thread::callback                         : FMOD Studio bank load thread finished.
[LOG] Thread::callback                         : FMOD Studio sample load thread finished.
[LOG] LiveUpdate::release                      : 
[LOG] LiveUpdate::reset                        : Reset connection (reason Disconnected)
[LOG] Thread::callback                         : FMOD stream thread finished.
[LOG] Thread::callback                         : FMOD mixer thread finished.
[LOG] SystemI::close                           : Closed.
[LOG] Thread::callback                         : FMOD nonblocking thread (0) finished.
[LOG] Thread::callback                         : FMOD file thread finished.
